2026-06-20 09:08:56 - app.main - INFO - Creating database tables...
2026-06-20 09:08:56 - app.main - INFO - Database tables created successfully
2026-06-20 09:08:56 - app.main - INFO - Static files mounted at /uploads: C:\Users\johns\Documents\SAMRAT AI\backend\uploads
2026-06-20 09:13:51 - app.main - INFO - Creating database tables...
2026-06-20 09:13:51 - app.main - INFO - Database tables created successfully
2026-06-20 09:13:51 - app.main - INFO - Static files mounted at /uploads: C:\Users\johns\Documents\SAMRAT AI\backend\uploads
2026-06-20 09:13:58 - app.main - INFO - Creating database tables...
2026-06-20 09:13:58 - app.main - INFO - Database tables created successfully
2026-06-20 09:13:58 - app.main - INFO - Static files mounted at /uploads: C:\Users\johns\Documents\SAMRAT AI\backend\uploads
2026-06-20 09:13:58 - app.main - INFO - Starting AetherChat API API server...
2026-06-20 09:13:58 - app.main - INFO - Project: AetherChat API
2026-06-20 09:17:19 - app.main - INFO - Creating database tables...
2026-06-20 09:17:19 - app.main - INFO - Database tables created successfully
2026-06-20 09:17:19 - app.main - INFO - Static files mounted at /uploads: C:\Users\johns\Documents\SAMRAT AI\backend\uploads
2026-06-20 09:17:24 - app.main - INFO - Creating database tables...
2026-06-20 09:17:24 - app.main - INFO - Database tables created successfully
2026-06-20 09:17:24 - app.main - INFO - Static files mounted at /uploads: C:\Users\johns\Documents\SAMRAT AI\backend\uploads
2026-06-20 09:17:24 - app.main - INFO - Starting AetherChat API API server...
2026-06-20 09:17:24 - app.main - INFO - Project: AetherChat API
2026-06-20 09:24:25 - app.main - INFO - Creating database tables...
2026-06-20 09:24:25 - app.main - INFO - Database tables created successfully
2026-06-20 09:24:25 - app.main - INFO - Static files mounted at /uploads: C:\Users\johns\Documents\SAMRAT AI\backend\uploads
2026-06-20 09:24:29 - app.main - INFO - Creating database tables...
2026-06-20 09:24:29 - app.main - INFO - Database tables created successfully
2026-06-20 09:24:29 - app.main - INFO - Static files mounted at /uploads: C:\Users\johns\Documents\SAMRAT AI\backend\uploads
2026-06-20 09:24:29 - app.main - INFO - Starting AetherChat API API server...
2026-06-20 09:24:29 - app.main - INFO - Project: AetherChat API
2026-06-20 10:10:14 - app.main - INFO - Creating database tables...
2026-06-20 10:10:14 - app.main - INFO - Database tables created successfully
2026-06-20 10:10:14 - app.main - INFO - Static files mounted at /uploads: C:\Users\johns\Documents\SAMRAT AI\backend\uploads
2026-06-20 10:10:26 - app.main - INFO - Creating database tables...
2026-06-20 10:10:26 - app.main - INFO - Database tables created successfully
2026-06-20 10:10:26 - app.main - INFO - Static files mounted at /uploads: C:\Users\johns\Documents\SAMRAT AI\backend\uploads
2026-06-20 10:10:26 - app.main - INFO - Starting AetherChat API API server...
2026-06-20 10:10:26 - app.main - INFO - Project: AetherChat API
2026-06-20 10:20:09 - app.main - INFO - Shutting down AetherChat API API server...
2026-06-20 10:20:09 - app.main - INFO - Cleanup completed successfully
2026-06-20 10:20:23 - app.main - INFO - Creating database tables...
2026-06-20 10:20:23 - app.main - INFO - Database tables created successfully
2026-06-20 10:20:23 - app.main - INFO - Static files mounted at /uploads: C:\Users\johns\Documents\SAMRAT AI\backend\uploads
2026-06-20 10:20:29 - app.main - INFO - Creating database tables...
2026-06-20 10:20:29 - app.main - INFO - Database tables created successfully
2026-06-20 10:20:29 - app.main - INFO - Static files mounted at /uploads: C:\Users\johns\Documents\SAMRAT AI\backend\uploads
2026-06-20 10:20:29 - app.main - INFO - Starting AetherChat API API server...
2026-06-20 10:20:29 - app.main - INFO - Project: AetherChat API
2026-06-20 10:28:36 - app.main - INFO - Shutting down AetherChat API API server...
2026-06-20 10:28:36 - app.main - INFO - Cleanup completed successfully
2026-06-20 10:36:05 - app.main - INFO - Creating database tables...
2026-06-20 10:36:05 - app.main - INFO - Database tables created successfully
2026-06-20 10:36:05 - app.main - INFO - Static files mounted at /uploads: C:\Users\johns\Documents\SAMRAT AI\backend\uploads
2026-06-20 10:36:18 - app.main - INFO - Creating database tables...
2026-06-20 10:36:18 - app.main - INFO - Database tables created successfully
2026-06-20 10:36:18 - app.main - INFO - Static files mounted at /uploads: C:\Users\johns\Documents\SAMRAT AI\backend\uploads
2026-06-20 10:36:18 - app.main - INFO - Starting AetherChat API API server...
2026-06-20 10:36:18 - app.main - INFO - Project: AetherChat API
2026-06-20 10:39:12 - app.main - INFO - Shutting down AetherChat API API server...
2026-06-20 10:39:12 - app.main - INFO - Cleanup completed successfully
2026-06-20 10:39:21 - app.main - INFO - Creating database tables...
2026-06-20 10:39:21 - app.main - INFO - Database tables created successfully
2026-06-20 10:39:21 - app.main - INFO - Static files mounted at /uploads: C:\Users\johns\Documents\SAMRAT AI\backend\uploads
2026-06-20 10:39:21 - app.main - INFO - Starting AetherChat API API server...
2026-06-20 10:39:21 - app.main - INFO - Project: AetherChat API
2026-06-20 10:39:35 - app.main - INFO - Shutting down AetherChat API API server...
2026-06-20 10:39:35 - app.main - INFO - Cleanup completed successfully
2026-06-20 10:39:51 - app.main - INFO - Creating database tables...
2026-06-20 10:39:51 - app.main - INFO - Database tables created successfully
2026-06-20 10:39:51 - app.main - INFO - Static files mounted at /uploads: C:\Users\johns\Documents\SAMRAT AI\backend\uploads
2026-06-20 10:39:57 - app.main - INFO - Creating database tables...
2026-06-20 10:39:57 - app.main - INFO - Database tables created successfully
2026-06-20 10:39:57 - app.main - INFO - Static files mounted at /uploads: C:\Users\johns\Documents\SAMRAT AI\backend\uploads
2026-06-20 10:39:57 - app.main - INFO - Starting AetherChat API API server...
2026-06-20 10:39:57 - app.main - INFO - Project: AetherChat API
2026-06-20 10:42:58 - app.main - INFO - Shutting down AetherChat API API server...
2026-06-20 10:42:58 - app.main - INFO - Cleanup completed successfully
2026-06-20 10:43:06 - app.main - INFO - Creating database tables...
2026-06-20 10:43:06 - app.main - INFO - Database tables created successfully
2026-06-20 10:43:06 - app.main - INFO - Static files mounted at /uploads: C:\Users\johns\Documents\SAMRAT AI\backend\uploads
2026-06-20 10:43:06 - app.main - INFO - Starting AetherChat API API server...
2026-06-20 10:43:06 - app.main - INFO - Project: AetherChat API
2026-06-20 10:43:49 - app.main - INFO - Shutting down AetherChat API API server...
2026-06-20 10:43:49 - app.main - INFO - Cleanup completed successfully
2026-06-20 10:44:29 - app.main - INFO - Creating database tables...
2026-06-20 10:44:29 - app.main - INFO - Database tables created successfully
2026-06-20 10:44:29 - app.main - INFO - Static files mounted at /uploads: C:\Users\johns\Documents\SAMRAT AI\backend\uploads
2026-06-20 10:44:34 - app.main - INFO - Creating database tables...
2026-06-20 10:44:34 - app.main - INFO - Database tables created successfully
2026-06-20 10:44:34 - app.main - INFO - Static files mounted at /uploads: C:\Users\johns\Documents\SAMRAT AI\backend\uploads
2026-06-20 10:44:34 - app.main - INFO - Starting AetherChat API API server...
2026-06-20 10:44:35 - app.main - INFO - Project: AetherChat API
2026-06-20 10:46:18 - app.main - INFO - Shutting down AetherChat API API server...
2026-06-20 10:46:18 - app.main - INFO - Cleanup completed successfully
2026-06-20 10:46:32 - app.main - INFO - Creating database tables...
2026-06-20 10:46:32 - app.main - INFO - Database tables created successfully
2026-06-20 10:46:32 - app.main - INFO - Static files mounted at /uploads: C:\Users\johns\Documents\SAMRAT AI\backend\uploads
2026-06-20 10:46:37 - app.main - INFO - Creating database tables...
2026-06-20 10:46:37 - app.main - INFO - Database tables created successfully
2026-06-20 10:46:37 - app.main - INFO - Static files mounted at /uploads: C:\Users\johns\Documents\SAMRAT AI\backend\uploads
2026-06-20 10:46:37 - app.main - INFO - Starting AetherChat API API server...
2026-06-20 10:46:37 - app.main - INFO - Project: AetherChat API
2026-06-20 10:52:13 - app.main - INFO - Creating database tables...
2026-06-20 10:52:13 - app.main - INFO - Database tables created successfully
2026-06-20 10:52:13 - app.main - INFO - Static files mounted at /uploads: C:\Users\johns\Documents\SAMRAT AI\backend\uploads
2026-06-20 10:52:22 - app.main - INFO - Creating database tables...
2026-06-20 10:52:22 - app.main - INFO - Database tables created successfully
2026-06-20 10:52:22 - app.main - INFO - Static files mounted at /uploads: C:\Users\johns\Documents\SAMRAT AI\backend\uploads
2026-06-20 10:52:22 - app.main - INFO - Starting AetherChat API API server...
2026-06-20 10:52:22 - app.main - INFO - Project: AetherChat API
2026-06-20 11:50:27 - app.services.media_pipeline - INFO - Generated image with Pollinations.ai (fallback)
2026-06-20 12:05:20 - app.main - INFO - Creating database tables...
2026-06-20 12:05:20 - app.main - INFO - Database tables created successfully
2026-06-20 12:05:20 - app.main - INFO - Static files mounted at /uploads: C:\Users\johns\Documents\SAMRAT AI\backend\uploads
2026-06-20 12:05:20 - app.main - INFO - Starting AetherChat API API server...
2026-06-20 12:05:20 - app.main - INFO - Project: AetherChat API
2026-06-20 18:44:49 - app.main - INFO - Creating database tables...
2026-06-20 18:44:49 - app.main - INFO - Database tables created successfully
2026-06-20 18:44:49 - app.main - INFO - Static files mounted at /uploads: C:\Users\johns\Documents\SAMRAT AI\backend\uploads
2026-06-20 18:44:50 - app.main - INFO - Starting AetherChat API API server...
2026-06-20 18:44:50 - app.main - INFO - Project: AetherChat API
2026-06-20 19:25:09 - app.main - INFO - Creating database tables...
2026-06-20 19:25:09 - app.main - INFO - Database tables created successfully
2026-06-20 19:25:09 - app.main - INFO - Static files mounted at /uploads: C:\Users\johns\Documents\SAMRAT AI\backend\uploads
2026-06-20 19:25:14 - app.main - INFO - Creating database tables...
2026-06-20 19:25:14 - app.main - INFO - Database tables created successfully
2026-06-20 19:25:14 - app.main - INFO - Static files mounted at /uploads: C:\Users\johns\Documents\SAMRAT AI\backend\uploads
2026-06-20 19:25:14 - app.main - INFO - Starting AetherChat API API server...
2026-06-20 19:25:14 - app.main - INFO - Project: AetherChat API
2026-06-20 20:12:43 - app.main - INFO - Creating database tables...
2026-06-20 20:12:43 - app.main - INFO - Database tables created successfully
2026-06-20 20:12:43 - app.main - INFO - Static files mounted at /uploads: C:\Users\johns\Documents\SAMRAT AI\backend\uploads
2026-06-20 20:18:40 - app.main - INFO - Creating database tables...
2026-06-20 20:18:40 - app.main - INFO - Database tables created successfully
2026-06-20 20:18:40 - app.main - INFO - Static files mounted at /uploads: C:\Users\johns\Documents\SAMRAT AI\backend\uploads
2026-06-20 20:23:03 - app.main - INFO - Creating database tables...
2026-06-20 20:23:03 - app.main - INFO - Database tables created successfully
2026-06-20 20:23:03 - app.main - INFO - Static files mounted at /uploads: C:\Users\johns\Documents\SAMRAT AI\backend\uploads
2026-06-20 20:23:03 - app.main - INFO - Starting AetherChat API API server...
2026-06-20 20:23:03 - app.main - INFO - Project: AetherChat API
2026-06-21 10:17:14 - app.main - INFO - Creating database tables...
2026-06-21 10:17:14 - app.main - INFO - Database tables created successfully
2026-06-21 10:17:14 - app.main - INFO - Static files mounted at /uploads: C:\Users\johns\Documents\SAMRAT AI\backend\uploads
2026-06-21 10:17:14 - app.main - INFO - Starting AetherChat API API server...
2026-06-21 10:17:14 - app.main - INFO - Project: AetherChat API
2026-06-21 11:19:00 - asyncio - ERROR - Exception in callback _ProactorBasePipeTransport._call_connection_lost()
handle: <Handle _ProactorBasePipeTransport._call_connection_lost()>
Traceback (most recent call last):
  File "C:\Users\johns\AppData\Local\Programs\Python\Python313\Lib\asyncio\events.py", line 89, in _run
    self._context.run(self._callback, *self._args)
    ~~~~~~~~~~~~~~~~~^^^^^^^^^^^^^^^^^^^^^^^^^^^^^
  File "C:\Users\johns\AppData\Local\Programs\Python\Python313\Lib\asyncio\proactor_events.py", line 165, in _call_connection_lost
    self._sock.shutdown(socket.SHUT_RDWR)
    ~~~~~~~~~~~~~~~~~~~^^^^^^^^^^^^^^^^^^
ConnectionResetError: [WinError 10054] An existing connection was forcibly closed by the remote host
2026-06-21 18:33:59 - app.main - INFO - Creating database tables...
2026-06-21 18:33:59 - app.main - INFO - Database tables created successfully
2026-06-21 18:33:59 - app.main - INFO - Static files mounted at /uploads: C:\Users\johns\Documents\SAMRAT AI\backend\uploads
2026-06-21 18:34:15 - app.main - INFO - Creating database tables...
2026-06-21 18:34:15 - app.main - INFO - Database tables created successfully
2026-06-21 18:34:15 - app.main - INFO - Static files mounted at /uploads: C:\Users\johns\Documents\SAMRAT AI\backend\uploads
2026-06-21 18:34:15 - app.main - INFO - Starting AetherChat API API server...
2026-06-21 18:34:15 - app.main - INFO - Project: AetherChat API
2026-06-21 18:58:50 - app.main - INFO - Creating database tables...
2026-06-21 18:58:50 - app.main - INFO - Database tables created successfully
2026-06-21 18:58:50 - app.main - INFO - Static files mounted at /uploads: C:\Users\johns\Documents\SAMRAT AI\backend\uploads
2026-06-21 18:58:56 - app.main - INFO - Creating database tables...
2026-06-21 18:58:56 - app.main - INFO - Database tables created successfully
2026-06-21 18:58:56 - app.main - INFO - Static files mounted at /uploads: C:\Users\johns\Documents\SAMRAT AI\backend\uploads
2026-06-21 18:58:56 - app.main - INFO - Starting AetherChat API API server...
2026-06-21 18:58:56 - app.main - INFO - Project: AetherChat API
2026-06-21 19:34:49 - app.main - INFO - Creating database tables...
2026-06-21 19:34:49 - app.main - INFO - Database tables created successfully
2026-06-21 19:34:49 - app.main - INFO - Static files mounted at /uploads: C:\Users\johns\Documents\SAMRAT AI\backend\uploads
2026-06-21 19:35:04 - app.main - INFO - Creating database tables...
2026-06-21 19:35:04 - app.main - INFO - Database tables created successfully
2026-06-21 19:35:04 - app.main - INFO - Static files mounted at /uploads: C:\Users\johns\Documents\SAMRAT AI\backend\uploads
2026-06-21 19:35:04 - app.main - INFO - Starting AetherChat API API server...
2026-06-21 19:35:04 - app.main - INFO - Project: AetherChat API
